This file contains any messages produced by compilers while
running configure, to aid debugging if configure makes a mistake.

It was created by configure, which was
generated by GNU Autoconf 2.69.  Invocation command line was

  $ ../../analysis/Prototype3/EMCal/ShowerCalib/configure --prefix=/gpfs/mnt/gpfs02/sphenix/user/zshi/SimulationWork/2019sPHENIXAna/EMCAL/Simulations/TutorialTest/tutorials/AnaTutorial/src/condor/directory/install/

## --------- ##
## Platform. ##
## --------- ##

hostname = rcas6006.rcf.bnl.gov
uname -m = x86_64
uname -r = 3.10.0-957.12.2.el7.x86_64
uname -s = Linux
uname -v = #1 SMP Tue May 14 15:23:27 CDT 2019

/usr/bin/uname -p = x86_64
/bin/uname -X     = unknown

/bin/arch              = x86_64
/usr/bin/arch -k       = unknown
/usr/convex/getsysinfo = unknown
/usr/bin/hostinfo      = unknown
/bin/machine           = unknown
/usr/bin/oslevel       = unknown
/bin/universe          = unknown

PATH: /gpfs/mnt/gpfs02/sphenix/user/zshi/SimulationWork/2019sPHENIXAna/EMCAL/Simulations/TutorialTest/tutorials/AnaTutorial/src/condor/directory/install//bin
PATH: .
PATH: /cvmfs/sphenix.sdcc.bnl.gov/x8664_sl7/release/release_new/new.2/bin
PATH: /cvmfs/sphenix.sdcc.bnl.gov/x8664_sl7/opt/sphenix/utils/bin
PATH: /cvmfs/sphenix.sdcc.bnl.gov/x8664_sl7/opt/sphenix/core/bin
PATH: /cvmfs/sphenix.sdcc.bnl.gov/x8664_sl7/opt/sphenix/core/root-6.16.00/bin
PATH: /cvmfs/sphenix.sdcc.bnl.gov/x8664_sl7/opt/sphenix/core/geant4.10.02.p02/bin
PATH: /afs/rhic.bnl.gov/app/insure-7.5.3/bin
PATH: /afs/rhic.bnl.gov/app/coverity-2019.03/bin
PATH: /usr/local/bin
PATH: /usr/bin
PATH: /usr/local/sbin
PATH: /usr/sbin


## ----------- ##
## Core tests. ##
## ----------- ##

configure:2151: loading site script /cvmfs/sphenix.sdcc.bnl.gov/x8664_sl7/opt/sphenix/core/etc/config.site
| # enable c++11 flag by default
| CXXFLAGS="-g -O2 -std=c++11"
| # Allow LD_LIBRARY_PATH to override RPATH
| LDFLAGS='-Wl,--enable-new-dtags'
configure:2293: checking for a BSD-compatible install
configure:2361: result: /usr/bin/install -c
configure:2372: checking whether build environment is sane
configure:2427: result: yes
configure:2578: checking for a thread-safe mkdir -p
configure:2617: result: /usr/bin/mkdir -p
configure:2624: checking for gawk
configure:2640: found /usr/bin/gawk
configure:2651: result: gawk
configure:2662: checking whether make sets $(MAKE)
configure:2684: result: yes
configure:2713: checking whether make supports nested variables
configure:2730: result: yes
configure:2874: checking for g++
configure:2890: found /usr/bin/g++
configure:2901: result: g++
configure:2928: checking for C++ compiler version
configure:2937: g++ --version >&5
g++ (GCC) 4.8.5 20150623 (Red Hat 4.8.5-11)
Copyright (C) 2015 Free Software Foundation, Inc.
This is free software; see the source for copying conditions.  There is NO
warranty; not even for MERCHANTABILITY or FITNESS FOR A PARTICULAR PURPOSE.

configure:2948: $? = 0
configure:2937: g++ -v >&5
Using built-in specs.
COLLECT_GCC=g++
COLLECT_LTO_WRAPPER=/usr/libexec/gcc/x86_64-redhat-linux/4.8.5/lto-wrapper
Target: x86_64-redhat-linux
Configured with: ../configure --prefix=/usr --mandir=/usr/share/man --infodir=/usr/share/info --with-bugurl=http://bugzilla.redhat.com/bugzilla --enable-bootstrap --enable-shared --enable-threads=posix --enable-checking=release --with-system-zlib --enable-__cxa_atexit --disable-libunwind-exceptions --enable-gnu-unique-object --enable-linker-build-id --with-linker-hash-style=gnu --enable-languages=c,c++,objc,obj-c++,java,fortran,ada,go,lto --enable-plugin --enable-initfini-array --disable-libgcj --with-isl=/builddir/build/BUILD/gcc-4.8.5-20150702/obj-x86_64-redhat-linux/isl-install --with-cloog=/builddir/build/BUILD/gcc-4.8.5-20150702/obj-x86_64-redhat-linux/cloog-install --enable-gnu-indirect-function --with-tune=generic --with-arch_32=x86-64 --build=x86_64-redhat-linux
Thread model: posix
gcc version 4.8.5 20150623 (Red Hat 4.8.5-11) (GCC) 
configure:2948: $? = 0
configure:2937: g++ -V >&5
g++: error: unrecognized command line option '-V'
g++: fatal error: no input files
compilation terminated.
configure:2948: $? = 4
configure:2937: g++ -qversion >&5
g++: error: unrecognized command line option '-qversion'
g++: fatal error: no input files
compilation terminated.
configure:2948: $? = 4
configure:2968: checking whether the C++ compiler works
configure:2990: g++ -g -O2 -std=c++11  -Wl,--enable-new-dtags conftest.cpp  >&5
configure:2994: $? = 0
configure:3042: result: yes
configure:3045: checking for C++ compiler default output file name
configure:3047: result: a.out
configure:3053: checking for suffix of executables
configure:3060: g++ -o conftest -g -O2 -std=c++11  -Wl,--enable-new-dtags conftest.cpp  >&5
configure:3064: $? = 0
configure:3086: result: 
configure:3108: checking whether we are cross compiling
configure:3116: g++ -o conftest -g -O2 -std=c++11  -Wl,--enable-new-dtags conftest.cpp  >&5
configure:3120: $? = 0
configure:3127: ./conftest
configure:3131: $? = 0
configure:3146: result: no
configure:3151: checking for suffix of object files
configure:3173: g++ -c -g -O2 -std=c++11  conftest.cpp >&5
configure:3177: $? = 0
configure:3198: result: o
configure:3202: checking whether we are using the GNU C++ compiler
configure:3221: g++ -c -g -O2 -std=c++11  conftest.cpp >&5
configure:3221: $? = 0
configure:3230: result: yes
configure:3239: checking whether g++ accepts -g
configure:3259: g++ -c -g  conftest.cpp >&5
configure:3259: $? = 0
configure:3300: result: yes
configure:3334: checking for style of include used by make
configure:3362: result: GNU
configure:3388: checking dependency style of g++
configure:3499: result: gcc3
configure:3574: checking build system type
configure:3588: result: x86_64-unknown-linux-gnu
configure:3608: checking host system type
configure:3621: result: x86_64-unknown-linux-gnu
configure:3662: checking how to print strings
configure:3689: result: printf
configure:3758: checking for gcc
configure:3774: found /usr/bin/gcc
configure:3785: result: gcc
configure:4014: checking for C compiler version
configure:4023: gcc --version >&5
gcc (GCC) 4.8.5 20150623 (Red Hat 4.8.5-11)
Copyright (C) 2015 Free Software Foundation, Inc.
This is free software; see the source for copying conditions.  There is NO
warranty; not even for MERCHANTABILITY or FITNESS FOR A PARTICULAR PURPOSE.

configure:4034: $? = 0
configure:4023: gcc -v >&5
Using built-in specs.
COLLECT_GCC=gcc
COLLECT_LTO_WRAPPER=/usr/libexec/gcc/x86_64-redhat-linux/4.8.5/lto-wrapper
Target: x86_64-redhat-linux
Configured with: ../configure --prefix=/usr --mandir=/usr/share/man --infodir=/usr/share/info --with-bugurl=http://bugzilla.redhat.com/bugzilla --enable-bootstrap --enable-shared --enable-threads=posix --enable-checking=release --with-system-zlib --enable-__cxa_atexit --disable-libunwind-exceptions --enable-gnu-unique-object --enable-linker-build-id --with-linker-hash-style=gnu --enable-languages=c,c++,objc,obj-c++,java,fortran,ada,go,lto --enable-plugin --enable-initfini-array --disable-libgcj --with-isl=/builddir/build/BUILD/gcc-4.8.5-20150702/obj-x86_64-redhat-linux/isl-install --with-cloog=/builddir/build/BUILD/gcc-4.8.5-20150702/obj-x86_64-redhat-linux/cloog-install --enable-gnu-indirect-function --with-tune=generic --with-arch_32=x86-64 --build=x86_64-redhat-linux
Thread model: posix
gcc version 4.8.5 20150623 (Red Hat 4.8.5-11) (GCC) 
configure:4034: $? = 0
configure:4023: gcc -V >&5
gcc: error: unrecognized command line option '-V'
gcc: fatal error: no input files
compilation terminated.
configure:4034: $? = 4
configure:4023: gcc -qversion >&5
gcc: error: unrecognized command line option '-qversion'
gcc: fatal error: no input files
compilation terminated.
configure:4034: $? = 4
configure:4038: checking whether we are using the GNU C compiler
configure:4057: gcc -c   conftest.c >&5
configure:4057: $? = 0
configure:4066: result: yes
configure:4075: checking whether gcc accepts -g
configure:4095: gcc -c -g  conftest.c >&5
configure:4095: $? = 0
configure:4136: result: yes
configure:4153: checking for gcc option to accept ISO C89
configure:4216: gcc  -c -g -O2  conftest.c >&5
configure:4216: $? = 0
configure:4229: result: none needed
configure:4251: checking dependency style of gcc
configure:4362: result: gcc3
configure:4377: checking for a sed that does not truncate output
configure:4441: result: /usr/bin/sed
configure:4459: checking for grep that handles long lines and -e
configure:4517: result: /usr/bin/grep
configure:4522: checking for egrep
configure:4584: result: /usr/bin/grep -E
configure:4589: checking for fgrep
configure:4651: result: /usr/bin/grep -F
configure:4686: checking for ld used by gcc
configure:4753: result: /usr/bin/ld
configure:4760: checking if the linker (/usr/bin/ld) is GNU ld
configure:4775: result: yes
configure:4787: checking for BSD- or MS-compatible name lister (nm)
configure:4836: result: /usr/bin/nm -B
configure:4966: checking the name lister (/usr/bin/nm -B) interface
configure:4973: gcc -c -g -O2  conftest.c >&5
configure:4976: /usr/bin/nm -B "conftest.o"
configure:4979: output
0000000000000000 B some_variable
configure:4986: result: BSD nm
configure:4989: checking whether ln -s works
configure:4993: result: yes
configure:5001: checking the maximum length of command line arguments
configure:5131: result: 1572864
configure:5148: checking whether the shell understands some XSI constructs
configure:5158: result: yes
configure:5162: checking whether the shell understands "+="
configure:5168: result: yes
configure:5203: checking how to convert x86_64-unknown-linux-gnu file names to x86_64-unknown-linux-gnu format
configure:5243: result: func_convert_file_noop
configure:5250: checking how to convert x86_64-unknown-linux-gnu file names to toolchain format
configure:5270: result: func_convert_file_noop
configure:5277: checking for /usr/bin/ld option to reload object files
configure:5284: result: -r
configure:5358: checking for objdump
configure:5374: found /usr/bin/objdump
configure:5385: result: objdump
configure:5417: checking how to recognize dependent libraries
configure:5619: result: pass_all
configure:5704: checking for dlltool
configure:5734: result: no
configure:5764: checking how to associate runtime and link libraries
configure:5791: result: printf %s\n
configure:5852: checking for ar
configure:5868: found /usr/bin/ar
configure:5879: result: ar
configure:5916: checking for archiver @FILE support
configure:5933: gcc -c -g -O2  conftest.c >&5
configure:5933: $? = 0
configure:5936: ar cru libconftest.a @conftest.lst >&5
configure:5939: $? = 0
configure:5944: ar cru libconftest.a @conftest.lst >&5
ar: conftest.o: No such file or directory
configure:5947: $? = 1
configure:5959: result: @
configure:6017: checking for strip
configure:6033: found /usr/bin/strip
configure:6044: result: strip
configure:6116: checking for ranlib
configure:6132: found /usr/bin/ranlib
configure:6143: result: ranlib
configure:6245: checking command to parse /usr/bin/nm -B output from gcc object
configure:6365: gcc -c -g -O2  conftest.c >&5
configure:6368: $? = 0
configure:6372: /usr/bin/nm -B conftest.o \| sed -n -e 's/^.*[ ]\([ABCDGIRSTW][ABCDGIRSTW]*\)[ ][ ]*\([_A-Za-z][_A-Za-z0-9]*\)$/\1 \2 \2/p' | sed '/ __gnu_lto/d' \> conftest.nm
configure:6375: $? = 0
configure:6441: gcc -o conftest -g -O2  -Wl,--enable-new-dtags conftest.c conftstm.o >&5
configure:6444: $? = 0
configure:6482: result: ok
configure:6519: checking for sysroot
configure:6549: result: no
configure:6626: gcc -c -g -O2  conftest.c >&5
configure:6629: $? = 0
configure:6805: checking for mt
configure:6835: result: no
configure:6855: checking if : is a manifest tool
configure:6861: : '-?'
configure:6869: result: no
configure:7511: checking how to run the C preprocessor
configure:7542: gcc -E  conftest.c
configure:7542: $? = 0
configure:7556: gcc -E  conftest.c
conftest.c:11:28: fatal error: ac_nonexistent.h: No such file or directory
 #include <ac_nonexistent.h>
                            ^
compilation terminated.
configure:7556: $? = 1
configure: failed program was:
| /* confdefs.h */
| #define PACKAGE_NAME ""
| #define PACKAGE_TARNAME ""
| #define PACKAGE_VERSION ""
| #define PACKAGE_STRING ""
| #define PACKAGE_BUGREPORT ""
| #define PACKAGE_URL ""
| #define PACKAGE "Proto3ShowCalib"
| #define VERSION "1.00"
| /* end confdefs.h.  */
| #include <ac_nonexistent.h>
configure:7581: result: gcc -E
configure:7601: gcc -E  conftest.c
configure:7601: $? = 0
configure:7615: gcc -E  conftest.c
conftest.c:11:28: fatal error: ac_nonexistent.h: No such file or directory
 #include <ac_nonexistent.h>
                            ^
compilation terminated.
configure:7615: $? = 1
configure: failed program was:
| /* confdefs.h */
| #define PACKAGE_NAME ""
| #define PACKAGE_TARNAME ""
| #define PACKAGE_VERSION ""
| #define PACKAGE_STRING ""
| #define PACKAGE_BUGREPORT ""
| #define PACKAGE_URL ""
| #define PACKAGE "Proto3ShowCalib"
| #define VERSION "1.00"
| /* end confdefs.h.  */
| #include <ac_nonexistent.h>
configure:7644: checking for ANSI C header files
configure:7664: gcc -c -g -O2  conftest.c >&5
configure:7664: $? = 0
configure:7737: gcc -o conftest -g -O2  -Wl,--enable-new-dtags conftest.c  >&5
configure:7737: $? = 0
configure:7737: ./conftest
configure:7737: $? = 0
configure:7748: result: yes
configure:7761: checking for sys/types.h
configure:7761: gcc -c -g -O2  conftest.c >&5
configure:7761: $? = 0
configure:7761: result: yes
configure:7761: checking for sys/stat.h
configure:7761: gcc -c -g -O2  conftest.c >&5
configure:7761: $? = 0
configure:7761: result: yes
configure:7761: checking for stdlib.h
configure:7761: gcc -c -g -O2  conftest.c >&5
configure:7761: $? = 0
configure:7761: result: yes
configure:7761: checking for string.h
configure:7761: gcc -c -g -O2  conftest.c >&5
configure:7761: $? = 0
configure:7761: result: yes
configure:7761: checking for memory.h
configure:7761: gcc -c -g -O2  conftest.c >&5
configure:7761: $? = 0
configure:7761: result: yes
configure:7761: checking for strings.h
configure:7761: gcc -c -g -O2  conftest.c >&5
configure:7761: $? = 0
configure:7761: result: yes
configure:7761: checking for inttypes.h
configure:7761: gcc -c -g -O2  conftest.c >&5
configure:7761: $? = 0
configure:7761: result: yes
configure:7761: checking for stdint.h
configure:7761: gcc -c -g -O2  conftest.c >&5
configure:7761: $? = 0
configure:7761: result: yes
configure:7761: checking for unistd.h
configure:7761: gcc -c -g -O2  conftest.c >&5
configure:7761: $? = 0
configure:7761: result: yes
configure:7775: checking for dlfcn.h
configure:7775: gcc -c -g -O2  conftest.c >&5
configure:7775: $? = 0
configure:7775: result: yes
configure:7962: checking for objdir
configure:7977: result: .libs
configure:8244: checking if gcc supports -fno-rtti -fno-exceptions
configure:8262: gcc -c -g -O2  -fno-rtti -fno-exceptions conftest.c >&5
cc1: warning: command line option '-fno-rtti' is valid for C++/ObjC++ but not for C [enabled by default]
configure:8266: $? = 0
configure:8279: result: no
configure:8606: checking for gcc option to produce PIC
configure:8613: result: -fPIC -DPIC
configure:8621: checking if gcc PIC flag -fPIC -DPIC works
configure:8639: gcc -c -g -O2  -fPIC -DPIC -DPIC conftest.c >&5
configure:8643: $? = 0
configure:8656: result: yes
configure:8685: checking if gcc static flag -static works
configure:8713: result: no
configure:8728: checking if gcc supports -c -o file.o
configure:8749: gcc -c -g -O2  -o out/conftest2.o conftest.c >&5
configure:8753: $? = 0
configure:8775: result: yes
configure:8783: checking if gcc supports -c -o file.o
configure:8830: result: yes
configure:8863: checking whether the gcc linker (/usr/bin/ld -m elf_x86_64) supports shared libraries
configure:10016: result: yes
configure:10053: checking whether -lc should be explicitly linked in
configure:10061: gcc -c -g -O2  conftest.c >&5
configure:10064: $? = 0
configure:10079: gcc -shared  -fPIC -DPIC conftest.o  -v -Wl,-soname -Wl,conftest -o conftest 2\>\&1 \| /usr/bin/grep  -lc  \>/dev/null 2\>\&1
configure:10082: $? = 0
configure:10096: result: no
configure:10256: checking dynamic linker characteristics
configure:10767: gcc -o conftest -g -O2  -Wl,--enable-new-dtags -Wl,-rpath -Wl,/foo conftest.c  >&5
configure:10767: $? = 0
configure:10993: result: GNU/Linux ld.so
configure:11100: checking how to hardcode library paths into programs
configure:11125: result: immediate
configure:11665: checking whether stripping libraries is possible
configure:11670: result: yes
configure:11705: checking if libtool supports shared libraries
configure:11707: result: yes
configure:11710: checking whether to build shared libraries
configure:11731: result: yes
configure:11734: checking whether to build static libraries
configure:11738: result: no
configure:11761: checking how to run the C++ preprocessor
configure:11788: g++ -E  conftest.cpp
configure:11788: $? = 0
configure:11802: g++ -E  conftest.cpp
conftest.cpp:23:28: fatal error: ac_nonexistent.h: No such file or directory
 #include <ac_nonexistent.h>
                            ^
compilation terminated.
configure:11802: $? = 1
configure: failed program was:
| /* confdefs.h */
| #define PACKAGE_NAME ""
| #define PACKAGE_TARNAME ""
| #define PACKAGE_VERSION ""
| #define PACKAGE_STRING ""
| #define PACKAGE_BUGREPORT ""
| #define PACKAGE_URL ""
| #define PACKAGE "Proto3ShowCalib"
| #define VERSION "1.00"
| #define STDC_HEADERS 1
| #define HAVE_SYS_TYPES_H 1
| #define HAVE_SYS_STAT_H 1
| #define HAVE_STDLIB_H 1
| #define HAVE_STRING_H 1
| #define HAVE_MEMORY_H 1
| #define HAVE_STRINGS_H 1
| #define HAVE_INTTYPES_H 1
| #define HAVE_STDINT_H 1
| #define HAVE_UNISTD_H 1
| #define HAVE_DLFCN_H 1
| #define LT_OBJDIR ".libs/"
| /* end confdefs.h.  */
| #include <ac_nonexistent.h>
configure:11827: result: g++ -E
configure:11847: g++ -E  conftest.cpp
configure:11847: $? = 0
configure:11861: g++ -E  conftest.cpp
conftest.cpp:23:28: fatal error: ac_nonexistent.h: No such file or directory
 #include <ac_nonexistent.h>
                            ^
compilation terminated.
configure:11861: $? = 1
configure: failed program was:
| /* confdefs.h */
| #define PACKAGE_NAME ""
| #define PACKAGE_TARNAME ""
| #define PACKAGE_VERSION ""
| #define PACKAGE_STRING ""
| #define PACKAGE_BUGREPORT ""
| #define PACKAGE_URL ""
| #define PACKAGE "Proto3ShowCalib"
| #define VERSION "1.00"
| #define STDC_HEADERS 1
| #define HAVE_SYS_TYPES_H 1
| #define HAVE_SYS_STAT_H 1
| #define HAVE_STDLIB_H 1
| #define HAVE_STRING_H 1
| #define HAVE_MEMORY_H 1
| #define HAVE_STRINGS_H 1
| #define HAVE_INTTYPES_H 1
| #define HAVE_STDINT_H 1
| #define HAVE_UNISTD_H 1
| #define HAVE_DLFCN_H 1
| #define LT_OBJDIR ".libs/"
| /* end confdefs.h.  */
| #include <ac_nonexistent.h>
configure:12030: checking for ld used by g++
configure:12097: result: /usr/bin/ld -m elf_x86_64
configure:12104: checking if the linker (/usr/bin/ld -m elf_x86_64) is GNU ld
configure:12119: result: yes
configure:12174: checking whether the g++ linker (/usr/bin/ld -m elf_x86_64) supports shared libraries
configure:13179: result: yes
configure:13215: g++ -c -g -O2 -std=c++11  conftest.cpp >&5
configure:13218: $? = 0
configure:13738: checking for g++ option to produce PIC
configure:13745: result: -fPIC -DPIC
configure:13753: checking if g++ PIC flag -fPIC -DPIC works
configure:13771: g++ -c -g -O2 -std=c++11  -fPIC -DPIC -DPIC conftest.cpp >&5
configure:13775: $? = 0
configure:13788: result: yes
configure:13811: checking if g++ static flag -static works
configure:13839: result: no
configure:13851: checking if g++ supports -c -o file.o
configure:13872: g++ -c -g -O2 -std=c++11  -o out/conftest2.o conftest.cpp >&5
configure:13876: $? = 0
configure:13898: result: yes
configure:13903: checking if g++ supports -c -o file.o
configure:13950: result: yes
configure:13980: checking whether the g++ linker (/usr/bin/ld -m elf_x86_64) supports shared libraries
configure:14016: result: yes
configure:14157: checking dynamic linker characteristics
configure:14828: result: GNU/Linux ld.so
configure:14881: checking how to hardcode library paths into programs
configure:14906: result: immediate
configure:15132: checking that generated files are newer than configure
configure:15138: result: done
configure:15169: creating ./config.status

## ---------------------- ##
## Running config.status. ##
## ---------------------- ##

This file was extended by config.status, which was
generated by GNU Autoconf 2.69.  Invocation command line was

  CONFIG_FILES    = 
  CONFIG_HEADERS  = 
  CONFIG_LINKS    = 
  CONFIG_COMMANDS = 
  $ ./config.status 

on rcas6006.rcf.bnl.gov

config.status:1074: creating Makefile
config.status:1231: executing depfiles commands
config.status:1231: executing libtool commands

## ---------------- ##
## Cache variables. ##
## ---------------- ##

ac_cv_build=x86_64-unknown-linux-gnu
ac_cv_c_compiler_gnu=yes
ac_cv_cxx_compiler_gnu=yes
ac_cv_env_CCC_set=
ac_cv_env_CCC_value=
ac_cv_env_CC_set=
ac_cv_env_CC_value=
ac_cv_env_CFLAGS_set=
ac_cv_env_CFLAGS_value=
ac_cv_env_CPPFLAGS_set=
ac_cv_env_CPPFLAGS_value=
ac_cv_env_CPP_set=
ac_cv_env_CPP_value=
ac_cv_env_CXXCPP_set=
ac_cv_env_CXXCPP_value=
ac_cv_env_CXXFLAGS_set=
ac_cv_env_CXXFLAGS_value=
ac_cv_env_CXX_set=
ac_cv_env_CXX_value=
ac_cv_env_LDFLAGS_set=
ac_cv_env_LDFLAGS_value=
ac_cv_env_LIBS_set=
ac_cv_env_LIBS_value=
ac_cv_env_build_alias_set=
ac_cv_env_build_alias_value=
ac_cv_env_host_alias_set=
ac_cv_env_host_alias_value=
ac_cv_env_target_alias_set=
ac_cv_env_target_alias_value=
ac_cv_header_dlfcn_h=yes
ac_cv_header_inttypes_h=yes
ac_cv_header_memory_h=yes
ac_cv_header_stdc=yes
ac_cv_header_stdint_h=yes
ac_cv_header_stdlib_h=yes
ac_cv_header_string_h=yes
ac_cv_header_strings_h=yes
ac_cv_header_sys_stat_h=yes
ac_cv_header_sys_types_h=yes
ac_cv_header_unistd_h=yes
ac_cv_host=x86_64-unknown-linux-gnu
ac_cv_objext=o
ac_cv_path_EGREP='/usr/bin/grep -E'
ac_cv_path_FGREP='/usr/bin/grep -F'
ac_cv_path_GREP=/usr/bin/grep
ac_cv_path_SED=/usr/bin/sed
ac_cv_path_install='/usr/bin/install -c'
ac_cv_path_mkdir=/usr/bin/mkdir
ac_cv_prog_AWK=gawk
ac_cv_prog_CPP='gcc -E'
ac_cv_prog_CXXCPP='g++ -E'
ac_cv_prog_ac_ct_AR=ar
ac_cv_prog_ac_ct_CC=gcc
ac_cv_prog_ac_ct_CXX=g++
ac_cv_prog_ac_ct_OBJDUMP=objdump
ac_cv_prog_ac_ct_RANLIB=ranlib
ac_cv_prog_ac_ct_STRIP=strip
ac_cv_prog_cc_c89=
ac_cv_prog_cc_g=yes
ac_cv_prog_cxx_g=yes
ac_cv_prog_make_make_set=yes
am_cv_CC_dependencies_compiler_type=gcc3
am_cv_CXX_dependencies_compiler_type=gcc3
am_cv_make_support_nested_variables=yes
lt_cv_ar_at_file=@
lt_cv_archive_cmds_need_lc=no
lt_cv_deplibs_check_method=pass_all
lt_cv_file_magic_cmd='$MAGIC_CMD'
lt_cv_file_magic_test_file=
lt_cv_ld_reload_flag=-r
lt_cv_nm_interface='BSD nm'
lt_cv_objdir=.libs
lt_cv_path_LD=/usr/bin/ld
lt_cv_path_LDCXX='/usr/bin/ld -m elf_x86_64'
lt_cv_path_NM='/usr/bin/nm -B'
lt_cv_path_mainfest_tool=no
lt_cv_prog_compiler_c_o=yes
lt_cv_prog_compiler_c_o_CXX=yes
lt_cv_prog_compiler_pic='-fPIC -DPIC'
lt_cv_prog_compiler_pic_CXX='-fPIC -DPIC'
lt_cv_prog_compiler_pic_works=yes
lt_cv_prog_compiler_pic_works_CXX=yes
lt_cv_prog_compiler_rtti_exceptions=no
lt_cv_prog_compiler_static_works=no
lt_cv_prog_compiler_static_works_CXX=no
lt_cv_prog_gnu_ld=yes
lt_cv_prog_gnu_ldcxx=yes
lt_cv_sharedlib_from_linklib_cmd='printf %s\n'
lt_cv_shlibpath_overrides_runpath=yes
lt_cv_sys_global_symbol_pipe='sed -n -e '\''s/^.*[	 ]\([ABCDGIRSTW][ABCDGIRSTW]*\)[	 ][	 ]*\([_A-Za-z][_A-Za-z0-9]*\)$/\1 \2 \2/p'\'' | sed '\''/ __gnu_lto/d'\'''
lt_cv_sys_global_symbol_to_c_name_address='sed -n -e '\''s/^: \([^ ]*\)[ ]*$/  {\"\1\", (void *) 0},/p'\'' -e '\''s/^[ABCDGIRSTW]* \([^ ]*\) \([^ ]*\)$/  {"\2", (void *) \&\2},/p'\'''
lt_cv_sys_global_symbol_to_c_name_address_lib_prefix='sed -n -e '\''s/^: \([^ ]*\)[ ]*$/  {\"\1\", (void *) 0},/p'\'' -e '\''s/^[ABCDGIRSTW]* \([^ ]*\) \(lib[^ ]*\)$/  {"\2", (void *) \&\2},/p'\'' -e '\''s/^[ABCDGIRSTW]* \([^ ]*\) \([^ ]*\)$/  {"lib\2", (void *) \&\2},/p'\'''
lt_cv_sys_global_symbol_to_cdecl='sed -n -e '\''s/^T .* \(.*\)$/extern int \1();/p'\'' -e '\''s/^[ABCDGIRSTW]* .* \(.*\)$/extern char \1;/p'\'''
lt_cv_sys_max_cmd_len=1572864
lt_cv_to_host_file_cmd=func_convert_file_noop
lt_cv_to_tool_file_cmd=func_convert_file_noop

## ----------------- ##
## Output variables. ##
## ----------------- ##

ACLOCAL='${SHELL} /gpfs/mnt/gpfs02/sphenix/user/zshi/SimulationWork/2019sPHENIXAna/EMCAL/Simulations/TutorialTest/tutorials/AnaTutorial/src/condor/directory/analysis/Prototype3/EMCal/ShowerCalib/missing aclocal-1.13'
AMDEPBACKSLASH='\'
AMDEP_FALSE='#'
AMDEP_TRUE=''
AMTAR='$${TAR-tar}'
AM_BACKSLASH='\'
AM_DEFAULT_V='$(AM_DEFAULT_VERBOSITY)'
AM_DEFAULT_VERBOSITY='1'
AM_V='$(V)'
AR='ar'
AUTOCONF='${SHELL} /gpfs/mnt/gpfs02/sphenix/user/zshi/SimulationWork/2019sPHENIXAna/EMCAL/Simulations/TutorialTest/tutorials/AnaTutorial/src/condor/directory/analysis/Prototype3/EMCal/ShowerCalib/missing autoconf'
AUTOHEADER='${SHELL} /gpfs/mnt/gpfs02/sphenix/user/zshi/SimulationWork/2019sPHENIXAna/EMCAL/Simulations/TutorialTest/tutorials/AnaTutorial/src/condor/directory/analysis/Prototype3/EMCal/ShowerCalib/missing autoheader'
AUTOMAKE='${SHELL} /gpfs/mnt/gpfs02/sphenix/user/zshi/SimulationWork/2019sPHENIXAna/EMCAL/Simulations/TutorialTest/tutorials/AnaTutorial/src/condor/directory/analysis/Prototype3/EMCal/ShowerCalib/missing automake-1.13'
AWK='gawk'
CC='gcc'
CCDEPMODE='depmode=gcc3'
CFLAGS='-g -O2'
CINTDEFS=' -noIncludePaths  -inlineInputHeader '
CPP='gcc -E'
CPPFLAGS=''
CXX='g++'
CXXCPP='g++ -E'
CXXDEPMODE='depmode=gcc3'
CXXFLAGS='-g -O2 -std=c++11 -Wall -Werror'
CYGPATH_W='echo'
DEFS='-DPACKAGE_NAME=\"\" -DPACKAGE_TARNAME=\"\" -DPACKAGE_VERSION=\"\" -DPACKAGE_STRING=\"\" -DPACKAGE_BUGREPORT=\"\" -DPACKAGE_URL=\"\" -DPACKAGE=\"Proto3ShowCalib\" -DVERSION=\"1.00\" -DSTDC_HEADERS=1 -DHAVE_SYS_TYPES_H=1 -DHAVE_SYS_STAT_H=1 -DHAVE_STDLIB_H=1 -DHAVE_STRING_H=1 -DHAVE_MEMORY_H=1 -DHAVE_STRINGS_H=1 -DHAVE_INTTYPES_H=1 -DHAVE_STDINT_H=1 -DHAVE_UNISTD_H=1 -DHAVE_DLFCN_H=1 -DLT_OBJDIR=\".libs/\"'
DEPDIR='.deps'
DLLTOOL='false'
DSYMUTIL=''
DUMPBIN=''
ECHO_C=''
ECHO_N='-n'
ECHO_T=''
EGREP='/usr/bin/grep -E'
EXEEXT=''
FGREP='/usr/bin/grep -F'
GREP='/usr/bin/grep'
INSTALL_DATA='${INSTALL} -m 644'
INSTALL_PROGRAM='${INSTALL}'
INSTALL_SCRIPT='${INSTALL}'
INSTALL_STRIP_PROGRAM='$(install_sh) -c -s'
LD='/usr/bin/ld -m elf_x86_64'
LDFLAGS='-Wl,--enable-new-dtags'
LIBOBJS=''
LIBS=''
LIBTOOL='$(SHELL) $(top_builddir)/libtool'
LIPO=''
LN_S='ln -s'
LTLIBOBJS=''
MAKEINFO='${SHELL} /gpfs/mnt/gpfs02/sphenix/user/zshi/SimulationWork/2019sPHENIXAna/EMCAL/Simulations/TutorialTest/tutorials/AnaTutorial/src/condor/directory/analysis/Prototype3/EMCal/ShowerCalib/missing makeinfo'
MAKEROOT6_FALSE='#'
MAKEROOT6_TRUE=''
MANIFEST_TOOL=':'
MKDIR_P='/usr/bin/mkdir -p'
NM='/usr/bin/nm -B'
NMEDIT=''
OBJDUMP='objdump'
OBJEXT='o'
OTOOL64=''
OTOOL=''
PACKAGE='Proto3ShowCalib'
PACKAGE_BUGREPORT=''
PACKAGE_NAME=''
PACKAGE_STRING=''
PACKAGE_TARNAME=''
PACKAGE_URL=''
PACKAGE_VERSION=''
PATH_SEPARATOR=':'
RANLIB='ranlib'
SED='/usr/bin/sed'
SET_MAKE=''
SHELL='/bin/sh'
STRIP='strip'
VERSION='1.00'
ac_ct_AR='ar'
ac_ct_CC='gcc'
ac_ct_CXX='g++'
ac_ct_DUMPBIN=''
am__EXEEXT_FALSE=''
am__EXEEXT_TRUE='#'
am__fastdepCC_FALSE='#'
am__fastdepCC_TRUE=''
am__fastdepCXX_FALSE='#'
am__fastdepCXX_TRUE=''
am__include='include'
am__isrc=' -I$(srcdir)'
am__leading_dot='.'
am__nodep='_no'
am__quote=''
am__tar='$${TAR-tar} chof - "$$tardir"'
am__untar='$${TAR-tar} xf -'
bindir='${exec_prefix}/bin'
build='x86_64-unknown-linux-gnu'
build_alias=''
build_cpu='x86_64'
build_os='linux-gnu'
build_vendor='unknown'
datadir='${datarootdir}'
datarootdir='${prefix}/share'
docdir='${datarootdir}/doc/${PACKAGE}'
dvidir='${docdir}'
exec_prefix='${prefix}'
host='x86_64-unknown-linux-gnu'
host_alias=''
host_cpu='x86_64'
host_os='linux-gnu'
host_vendor='unknown'
htmldir='${docdir}'
includedir='${prefix}/include'
infodir='${datarootdir}/info'
install_sh='${SHELL} /gpfs/mnt/gpfs02/sphenix/user/zshi/SimulationWork/2019sPHENIXAna/EMCAL/Simulations/TutorialTest/tutorials/AnaTutorial/src/condor/directory/analysis/Prototype3/EMCal/ShowerCalib/install-sh'
libdir='${exec_prefix}/lib'
libexecdir='${exec_prefix}/libexec'
localedir='${datarootdir}/locale'
localstatedir='${prefix}/var'
mandir='${datarootdir}/man'
mkdir_p='$(MKDIR_P)'
oldincludedir='/usr/include'
pdfdir='${docdir}'
prefix='/gpfs/mnt/gpfs02/sphenix/user/zshi/SimulationWork/2019sPHENIXAna/EMCAL/Simulations/TutorialTest/tutorials/AnaTutorial/src/condor/directory/install'
program_transform_name='s,x,x,'
psdir='${docdir}'
sbindir='${exec_prefix}/sbin'
sharedstatedir='${prefix}/com'
sysconfdir='${prefix}/etc'
target_alias=''

## ----------- ##
## confdefs.h. ##
## ----------- ##

/* confdefs.h */
#define PACKAGE_NAME ""
#define PACKAGE_TARNAME ""
#define PACKAGE_VERSION ""
#define PACKAGE_STRING ""
#define PACKAGE_BUGREPORT ""
#define PACKAGE_URL ""
#define PACKAGE "Proto3ShowCalib"
#define VERSION "1.00"
#define STDC_HEADERS 1
#define HAVE_SYS_TYPES_H 1
#define HAVE_SYS_STAT_H 1
#define HAVE_STDLIB_H 1
#define HAVE_STRING_H 1
#define HAVE_MEMORY_H 1
#define HAVE_STRINGS_H 1
#define HAVE_INTTYPES_H 1
#define HAVE_STDINT_H 1
#define HAVE_UNISTD_H 1
#define HAVE_DLFCN_H 1
#define LT_OBJDIR ".libs/"

configure: exit 0
